2025-06-08 18:45:33 | INFO | ============================================================
2025-06-08 18:45:33 | INFO | MT5自动交易程序启动
2025-06-08 18:45:33 | INFO | 日志文件: trading_logs/trading_20250608.log
2025-06-08 18:45:33 | INFO | 交易日志: trading_logs/trades_20250608.log
2025-06-08 18:45:33 | INFO | ============================================================
2025-06-08 18:45:33 | INFO | 开始初始化MT5连接...
2025-06-08 18:45:33 | INFO | MT5初始化成功
2025-06-08 18:45:33 | INFO | 尝试登录账户: 60011971, 服务器: TradeMaxGlobal-Demo
2025-06-08 18:45:33 | INFO | 成功登录到账户: 60011971
2025-06-08 18:45:33 | INFO | 检查自动交易状态...
2025-06-08 18:45:33 | INFO | 终端信息 - 连接状态: True, 自动交易启用: True, EA交易启用: True
2025-06-08 18:45:33 | INFO | 账户信息 - 交易启用: True, 交易模式: 0
2025-06-08 18:45:33 | INFO | 账户余额: 9829.85, 净值: 9829.85, 保证金: 0.0
2025-06-08 18:45:33 | INFO | ✅ 自动交易状态正常
2025-06-08 18:45:33 | INFO | 开始获取BTCUSD的历史数据...
2025-06-08 18:45:33 | INFO | 成功获取1000根K线数据
2025-06-08 18:45:33 | INFO | 策略已注册: MA - 双均线策略
2025-06-08 18:45:33 | INFO | 策略已注册: DKLL - DKLL策略
2025-06-08 18:45:33 | INFO | 策略已注册: RSI - RSI策略
2025-06-08 18:45:33 | INFO | 默认策略已注册，当前策略: 双均线策略
2025-06-08 18:45:33 | INFO | 交易会话开始，初始余额: 9829.85
2025-06-08 18:45:33 | INFO | 当前策略: 双均线策略
2025-06-08 18:45:33 | INFO | 策略描述: 双均线策略: MA10和MA20金叉死叉信号
2025-06-08 18:45:33 | INFO | 显示程序菜单
2025-06-08 18:45:42 | INFO | 用户选择: 1
2025-06-08 18:45:42 | INFO | 开始高速持续监控交易信号... 当前策略: 双均线策略
2025-06-08 18:45:52 | INFO | === 双均线信号检查详情 ===
2025-06-08 18:45:52 | INFO | 前一根K线: MA10=105215.25, MA20=105266.85
2025-06-08 18:45:52 | INFO | 当前K线: MA10=105244.39, MA20=105272.06
2025-06-08 18:45:52 | INFO | 最新价格: 105497.94
2025-06-08 18:45:52 | INFO | 无信号 - MA差值: -27.67
2025-06-08 18:46:02 | INFO | === 双均线信号检查详情 ===
2025-06-08 18:46:02 | INFO | 前一根K线: MA10=105215.25, MA20=105266.85
2025-06-08 18:46:02 | INFO | 当前K线: MA10=105240.82, MA20=105270.28
2025-06-08 18:46:02 | INFO | 最新价格: 105462.29
2025-06-08 18:46:02 | INFO | 无信号 - MA差值: -29.46
