2025-06-08 18:54:39 | TRADE | 订单准备 | BTCUSD | BUY | 数量: 0.01
2025-06-08 18:54:39 | TRADE | 订单发送 | BTCUSD | BUY | 价格: 105454.78 | SL: 未设置 | TP: 未设置 | 策略: DKLL策略
2025-06-08 18:54:39 | TRADE | 订单成功 | BTCUSD | BUY | 订单号: 38249073 | 成交价: 105454.15 | 数量: 0.01 | 策略: DKLL策略
2025-06-08 18:54:39 | TRADE | 全自动交易 | DKLL策略 | BUY信号成功执行
2025-06-08 19:54:36 | TRADE | 自动参数优化 | 策略: DKLL策略 | 原参数: {'n_str': 19, 'n_A1': 11, 'n_A2': 19, 'n_LL': 19} | 新参数: {'n_str': 15, 'n_A1': 12, 'n_A2': 14, 'n_LL': 15}
2025-06-08 20:21:51 | TRADE | 平仓请求 | BTCUSD | SELL | 票据: 38249073 | 价格: 105670.39 | 原因: DKLL平多信号 (DL=0.0)
2025-06-08 20:21:51 | TRADE | 平仓成功 | BTCUSD | 票据: 38249073 | 平仓价: 105670.47 | 原因: DKLL平多信号 (DL=0.0)
2025-06-08 20:28:11 | TRADE | 订单准备 | BTCUSD | BUY | 数量: 0.01
2025-06-08 20:28:12 | TRADE | 订单发送 | BTCUSD | BUY | 价格: 105789.63 | SL: 未设置 | TP: 未设置 | 策略: DKLL策略
2025-06-08 20:28:12 | TRADE | 订单成功 | BTCUSD | BUY | 订单号: 38254993 | 成交价: 105788.01 | 数量: 0.01 | 策略: DKLL策略
2025-06-08 20:28:12 | TRADE | 全自动交易 | DKLL策略 | BUY信号成功执行
2025-06-08 20:28:43 | TRADE | 平仓请求 | BTCUSD | SELL | 票据: 38254993 | 价格: 105702.71 | 原因: DKLL平多信号 (DL=0.0)
2025-06-08 20:28:43 | TRADE | 平仓成功 | BTCUSD | 票据: 38254993 | 平仓价: 105703.02 | 原因: DKLL平多信号 (DL=0.0)
2025-06-08 20:29:04 | TRADE | 订单准备 | BTCUSD | BUY | 数量: 0.01
2025-06-08 20:29:04 | TRADE | 订单发送 | BTCUSD | BUY | 价格: 105719.02 | SL: 未设置 | TP: 未设置 | 策略: DKLL策略
2025-06-08 20:29:04 | TRADE | 订单成功 | BTCUSD | BUY | 订单号: 38255091 | 成交价: 105722.47 | 数量: 0.01 | 策略: DKLL策略
2025-06-08 20:29:04 | TRADE | 全自动交易 | DKLL策略 | BUY信号成功执行
2025-06-08 20:30:06 | TRADE | 平仓请求 | BTCUSD | SELL | 票据: 38255091 | 价格: 105709.25 | 原因: DKLL平多信号 (DL=0.0)
2025-06-08 20:30:06 | TRADE | 平仓成功 | BTCUSD | 票据: 38255091 | 平仓价: 105709.25 | 原因: DKLL平多信号 (DL=0.0)
2025-06-08 20:45:00 | TRADE | 订单准备 | BTCUSD | SELL | 数量: 0.01
2025-06-08 20:45:00 | TRADE | 订单发送 | BTCUSD | SELL | 价格: 105650.41 | SL: 未设置 | TP: 未设置 | 策略: DKLL策略
2025-06-08 20:45:01 | TRADE | 订单成功 | BTCUSD | SELL | 订单号: 38256498 | 成交价: 105650.57 | 数量: 0.01 | 策略: DKLL策略
2025-06-08 20:45:01 | TRADE | 全自动交易 | DKLL策略 | SELL信号成功执行
2025-06-08 20:49:38 | TRADE | 平仓请求 | BTCUSD | BUY | 票据: 38256498 | 价格: 105752.83 | 原因: DKLL平空信号 (DL=0.0)
2025-06-08 20:49:39 | TRADE | 平仓成功 | BTCUSD | 票据: 38256498 | 平仓价: 105750.52 | 原因: DKLL平空信号 (DL=0.0)
2025-06-08 20:49:59 | TRADE | 订单准备 | BTCUSD | SELL | 数量: 0.01
2025-06-08 20:49:59 | TRADE | 订单发送 | BTCUSD | SELL | 价格: 105705.71 | SL: 未设置 | TP: 未设置 | 策略: DKLL策略
2025-06-08 20:49:59 | TRADE | 订单成功 | BTCUSD | SELL | 订单号: 38257016 | 成交价: 105703.94 | 数量: 0.01 | 策略: DKLL策略
2025-06-08 20:49:59 | TRADE | 全自动交易 | DKLL策略 | SELL信号成功执行
2025-06-08 20:51:22 | TRADE | 平仓请求 | BTCUSD | BUY | 票据: 38257016 | 价格: 105759.17 | 原因: DKLL平空信号 (DL=0.0)
2025-06-08 20:51:22 | TRADE | 平仓成功 | BTCUSD | 票据: 38257016 | 平仓价: 105758.92 | 原因: DKLL平空信号 (DL=0.0)
2025-06-08 20:51:53 | TRADE | 订单准备 | BTCUSD | BUY | 数量: 0.01
2025-06-08 20:51:53 | TRADE | 订单发送 | BTCUSD | BUY | 价格: 105787.35 | SL: 未设置 | TP: 未设置 | 策略: DKLL策略
2025-06-08 20:51:53 | TRADE | 订单成功 | BTCUSD | BUY | 订单号: 38257132 | 成交价: 105783.65 | 数量: 0.01 | 策略: DKLL策略
2025-06-08 20:51:53 | TRADE | 全自动交易 | DKLL策略 | BUY信号成功执行
2025-06-08 20:52:14 | TRADE | 平仓请求 | BTCUSD | SELL | 票据: 38257132 | 价格: 105758.63 | 原因: DKLL平多信号 (DL=0.0)
2025-06-08 20:52:14 | TRADE | 平仓成功 | BTCUSD | 票据: 38257132 | 平仓价: 105759.03 | 原因: DKLL平多信号 (DL=0.0)
2025-06-08 20:52:24 | TRADE | 订单准备 | BTCUSD | BUY | 数量: 0.01
2025-06-08 20:52:24 | TRADE | 订单发送 | BTCUSD | BUY | 价格: 105787.91 | SL: 未设置 | TP: 未设置 | 策略: DKLL策略
2025-06-08 20:52:25 | TRADE | 订单成功 | BTCUSD | BUY | 订单号: 38257492 | 成交价: 105787.91 | 数量: 0.01 | 策略: DKLL策略
2025-06-08 20:52:25 | TRADE | 全自动交易 | DKLL策略 | BUY信号成功执行
2025-06-08 20:53:47 | TRADE | 平仓请求 | BTCUSD | SELL | 票据: 38257492 | 价格: 105744.46 | 原因: DKLL平多信号 (DL=0.0)
2025-06-08 20:53:47 | TRADE | 平仓成功 | BTCUSD | 票据: 38257492 | 平仓价: 105746.98 | 原因: DKLL平多信号 (DL=0.0)
2025-06-08 20:54:08 | TRADE | 订单准备 | BTCUSD | BUY | 数量: 0.01
2025-06-08 20:54:08 | TRADE | 订单发送 | BTCUSD | BUY | 价格: 105775.97 | SL: 未设置 | TP: 未设置 | 策略: DKLL策略
2025-06-08 20:54:08 | TRADE | 订单成功 | BTCUSD | BUY | 订单号: 38257847 | 成交价: 105774.74 | 数量: 0.01 | 策略: DKLL策略
2025-06-08 20:54:08 | TRADE | 全自动交易 | DKLL策略 | BUY信号成功执行
2025-06-08 20:54:37 | TRADE | 自动参数优化 | 策略: DKLL策略 | 原参数: {'n_str': 15, 'n_A1': 12, 'n_A2': 14, 'n_LL': 15} | 新参数: {'n_str': 10, 'n_A1': 8, 'n_A2': 14, 'n_LL': 15}
2025-06-08 20:54:39 | TRADE | 平仓请求 | BTCUSD | SELL | 票据: 38257847 | 价格: 105795.77 | 原因: DKLL平多信号 (DL=0.0)
2025-06-08 20:54:39 | TRADE | 平仓成功 | BTCUSD | 票据: 38257847 | 平仓价: 105795.78 | 原因: DKLL平多信号 (DL=0.0)
2025-06-08 20:55:10 | TRADE | 订单准备 | BTCUSD | BUY | 数量: 0.01
2025-06-08 20:55:10 | TRADE | 订单发送 | BTCUSD | BUY | 价格: 105812.13 | SL: 未设置 | TP: 未设置 | 策略: DKLL策略
2025-06-08 20:55:11 | TRADE | 订单成功 | BTCUSD | BUY | 订单号: 38257887 | 成交价: 105811.94 | 数量: 0.01 | 策略: DKLL策略
2025-06-08 20:55:11 | TRADE | 全自动交易 | DKLL策略 | BUY信号成功执行
2025-06-08 20:57:45 | TRADE | 平仓请求 | BTCUSD | SELL | 票据: 38257887 | 价格: 105759.24 | 原因: DKLL平多信号 (DL=0.0)
2025-06-08 20:57:45 | TRADE | 平仓成功 | BTCUSD | 票据: 38257887 | 平仓价: 105758.63 | 原因: DKLL平多信号 (DL=0.0)
2025-06-08 20:57:55 | TRADE | 订单准备 | BTCUSD | BUY | 数量: 0.01
2025-06-08 20:57:55 | TRADE | 订单发送 | BTCUSD | BUY | 价格: 105786.28 | SL: 未设置 | TP: 未设置 | 策略: DKLL策略
2025-06-08 20:57:56 | TRADE | 订单成功 | BTCUSD | BUY | 订单号: 38258081 | 成交价: 105787.07 | 数量: 0.01 | 策略: DKLL策略
2025-06-08 20:57:56 | TRADE | 全自动交易 | DKLL策略 | BUY信号成功执行
2025-06-08 21:16:30 | TRADE | 平仓请求 | BTCUSD | SELL | 票据: 38258081 | 价格: 105702.69 | 原因: DKLL平多信号 (DL=0.0)
2025-06-08 21:16:30 | TRADE | 平仓成功 | BTCUSD | 票据: 38258081 | 平仓价: 105706.3 | 原因: DKLL平多信号 (DL=0.0)
2025-06-08 21:26:59 | TRADE | 订单准备 | BTCUSD | BUY | 数量: 0.01
2025-06-08 21:26:59 | TRADE | 订单发送 | BTCUSD | BUY | 价格: 105750.42 | SL: 未设置 | TP: 未设置 | 策略: DKLL策略
2025-06-08 21:27:00 | TRADE | 订单成功 | BTCUSD | BUY | 订单号: 38258935 | 成交价: 105750.42 | 数量: 0.01 | 策略: DKLL策略
2025-06-08 21:27:00 | TRADE | 全自动交易 | DKLL策略 | BUY信号成功执行
2025-06-08 21:33:33 | TRADE | ==================================================
2025-06-08 21:33:33 | TRADE | 交易会话结束
2025-06-08 21:33:33 | TRADE | 会话时长: 2:39:52
2025-06-08 21:33:33 | TRADE | 总交易: 10 笔
2025-06-08 21:33:33 | TRADE | 胜率: 20.00%
2025-06-08 21:33:33 | TRADE | 总盈亏: -2.24
2025-06-08 21:33:33 | TRADE | 余额变化: -2.16
2025-06-08 21:33:33 | TRADE | ==================================================
2025-06-08 21:35:54 | TRADE | 订单准备 | ETHUSD | BUY | 数量: 0.01
